<?xml version="1.0" encoding="UTF-8"?>
<!-- Generated by org.testng.reporters.JUnitReportReporter -->
<testsuite hostname="Rohits-MacBook-Pro.local" failures="0" tests="1" name="tests.AssessmentTest" time="17.203" errors="0" timestamp="2025-02-17T04:39:39 ACDT" skipped="0">
  <testcase classname="tests.AssessmentTest" name="verifyTotalAmount" time="17.203"/>
</testsuite> <!-- tests.AssessmentTest -->
