<?xml version="1.0" encoding="UTF-8"?>
<!-- Generated by org.testng.reporters.JUnitReportReporter -->
<testsuite hostname="Rohits-MacBook-Pro.local" failures="0" tests="7" name="tests.AssessmentTest" time="147.362" errors="0" timestamp="2025-02-17T05:07:41 ACDT" skipped="0">
  <testcase classname="tests.AssessmentTest" name="verifySuccessfullSubmission" time="28.894"/>
  <testcase classname="tests.AssessmentTest" name="verifySuccessfullSubmission" time="27.159"/>
  <testcase classname="tests.AssessmentTest" name="verifyTotalAmount" time="19.417"/>
  <testcase classname="tests.AssessmentTest" name="verifyMandatoryField" time="14.617"/>
  <testcase classname="tests.AssessmentTest" name="verifySuccessfullSubmission" time="18.011"/>
  <testcase classname="tests.AssessmentTest" name="verifySuccessfullSubmission" time="18.143"/>
  <testcase classname="tests.AssessmentTest" name="verifySuccessfullSubmission" time="21.121"/>
</testsuite> <!-- tests.AssessmentTest -->
