<?xml version="1.0" encoding="UTF-8"?>
<!-- Generated by org.testng.reporters.JUnitReportReporter -->
<testsuite hostname="Rohits-MacBook-Pro.local" failures="0" tests="7" name="tests.AssessmentTest" time="144.072" errors="0" timestamp="2025-02-17T15:26:12 ACDT" skipped="0">
  <testcase classname="tests.AssessmentTest" name="verifySuccessfullSubmission" time="32.525"/>
  <testcase classname="tests.AssessmentTest" name="verifyMandatoryField" time="15.816"/>
  <testcase classname="tests.AssessmentTest" name="verifyTotalAmount" time="22.425"/>
  <testcase classname="tests.AssessmentTest" name="verifySuccessfullSubmission" time="17.539"/>
  <testcase classname="tests.AssessmentTest" name="verifySuccessfullSubmission" time="18.208"/>
  <testcase classname="tests.AssessmentTest" name="verifySuccessfullSubmission" time="19.286"/>
  <testcase classname="tests.AssessmentTest" name="verifySuccessfullSubmission" time="18.273"/>
</testsuite> <!-- tests.AssessmentTest -->
